<?xml version="1.0" encoding="UTF-8"?>
<testsuite name="StoreTest" tests="9" skipped="0" failures="0" errors="0" timestamp="2015-09-07T18:44:21" hostname="Drea" time="0.734">
  <properties/>
  <testcase name="getBrands_returnsBrands" classname="StoreTest" time="0.14"/>
  <testcase name="save_savesInfoIntDatabase" classname="StoreTest" time="0.078"/>
  <testcase name="updateStore_changesName" classname="StoreTest" time="0.094"/>
  <testcase name="all_emptyAtFirst" classname="StoreTest" time="0.047"/>
  <testcase name="getId_returnsId" classname="StoreTest" time="0.094"/>
  <testcase name="equals_returnsTrueIfInputIsTheSame" classname="StoreTest" time="0.015"/>
  <testcase name="getStore_returnsStoreName" classname="StoreTest" time="0.063"/>
  <testcase name="find_findStoreInDatabas" classname="StoreTest" time="0.094"/>
  <testcase name="delete_DeletesFromDatabase" classname="StoreTest" time="0.109"/>
  <system-out><![CDATA[]]></system-out>
  <system-err><![CDATA[]]></system-err>
</testsuite>
