<?xml version="1.0" encoding="UTF-8"?>
<testsuite name="BrandTest" tests="8" skipped="0" failures="0" errors="0" timestamp="2015-09-07T18:44:21" hostname="Drea" time="0.657">
  <properties/>
  <testcase name="getStores_returnsStores" classname="BrandTest" time="0.141"/>
  <testcase name="override_returnsTrueIfInputIsSame" classname="BrandTest" time="0.031"/>
  <testcase name="all_emptyAtFirst" classname="BrandTest" time="0.047"/>
  <testcase name="getId_returnsId" classname="BrandTest" time="0.109"/>
  <testcase name="save_savesCorrectlyIntoDatabases" classname="BrandTest" time="0.079"/>
  <testcase name="delete_DeletesFromDatabase" classname="BrandTest" time="0.109"/>
  <testcase name="getBrand_returnsBrand" classname="BrandTest" time="0.063"/>
  <testcase name="find_findsBrandInDatabase" classname="BrandTest" time="0.078"/>
  <system-out><![CDATA[]]></system-out>
  <system-err><![CDATA[]]></system-err>
</testsuite>
